/home/aistudio/PaddleVideo-develop
/opt/conda/envs/python35-paddle120-env/lib/python3.7/site-packages/matplotlib/__init__.py:107: DeprecationWarning: Using or importing the ABCs from 'collections' instead of from 'collections.abc' is deprecated, and in 3.8 it will stop working
  from collections import MutableMapping
/opt/conda/envs/python35-paddle120-env/lib/python3.7/site-packages/matplotlib/rcsetup.py:20: DeprecationWarning: Using or importing the ABCs from 'collections' instead of from 'collections.abc' is deprecated, and in 3.8 it will stop working
  from collections import Iterable, Mapping
/opt/conda/envs/python35-paddle120-env/lib/python3.7/site-packages/matplotlib/colors.py:53: DeprecationWarning: Using or importing the ABCs from 'collections' instead of from 'collections.abc' is deprecated, and in 3.8 it will stop working
  from collections import Sized
No module named 'SimpleITK', [SimpleITK] package and it's dependencies is required for PP-Care.
No module named 'SimpleITK', [SimpleITK] package and it's dependencies is required for PP-Care.
No module named 'lmdb', [lmdb] package and it's dependencies is required for ActBERT.
No module named 'lmdb', [lmdb] package and it's dependencies is required for ActBERT.
[04/22 17:13:29] DALI is not installed, you can improve performance if use DALI
No module named 'ppdet', [paddledet] package and it's dependencies is required for AVA.
Inference model(TokenShift_ucf101_256_16_256_aug0.1_0.0609)...
W0422 17:13:31.433388 10258 analysis_predictor.cc:795] The one-time configuration of analysis predictor failed, which may be due to native predictor called first and its configurations taken effect.
--- Running analysis [ir_graph_build_pass]
--- Running analysis [ir_graph_clean_pass]
--- Running analysis [ir_analysis_pass]
--- Running IR pass [is_test_pass]
--- Running IR pass [simplify_with_basic_ops_pass]
--- Running IR pass [conv_affine_channel_fuse_pass]
--- Running IR pass [conv_eltwiseadd_affine_channel_fuse_pass]
--- Running IR pass [conv_bn_fuse_pass]
--- Running IR pass [conv_eltwiseadd_bn_fuse_pass]
--- Running IR pass [embedding_eltwise_layernorm_fuse_pass]
--- Running IR pass [multihead_matmul_fuse_pass_v2]
--- Running IR pass [squeeze2_matmul_fuse_pass]
--- Running IR pass [reshape2_matmul_fuse_pass]
--- Running IR pass [flatten2_matmul_fuse_pass]
--- Running IR pass [map_matmul_v2_to_mul_pass]
I0422 17:13:32.684192 10258 fuse_pass_base.cc:57] ---  detected 147 subgraphs
--- Running IR pass [map_matmul_v2_to_matmul_pass]
I0422 17:13:32.725841 10258 fuse_pass_base.cc:57] ---  detected 72 subgraphs
--- Running IR pass [map_matmul_to_mul_pass]
--- Running IR pass [fc_fuse_pass]
I0422 17:13:33.077659 10258 fuse_pass_base.cc:57] ---  detected 147 subgraphs
--- Running IR pass [fc_elementwise_layernorm_fuse_pass]
I0422 17:13:33.151376 10258 fuse_pass_base.cc:57] ---  detected 3 subgraphs
--- Running IR pass [conv_elementwise_add_act_fuse_pass]
--- Running IR pass [conv_elementwise_add2_act_fuse_pass]
--- Running IR pass [conv_elementwise_add_fuse_pass]
--- Running IR pass [transpose_flatten_concat_fuse_pass]
--- Running IR pass [runtime_context_cache_pass]
--- Running analysis [ir_params_sync_among_devices_pass]
I0422 17:13:33.289305 10258 ir_params_sync_among_devices_pass.cc:45] Sync params from CPU to GPU
--- Running analysis [adjust_cudnn_workspace_size_pass]
--- Running analysis [inference_op_replace_pass]
--- Running analysis [memory_optimize_pass]
I0422 17:13:33.661338 10258 memory_optimize_pass.cc:216] Cluster name : squeeze_1.tmp_0  size: 404
I0422 17:13:33.661422 10258 memory_optimize_pass.cc:216] Cluster name : squeeze_0.tmp_0  size: 404
I0422 17:13:33.661437 10258 memory_optimize_pass.cc:216] Cluster name : reshape2_50.tmp_0  size: 789504
I0422 17:13:33.661442 10258 memory_optimize_pass.cc:216] Cluster name : reshape2_201.tmp_0_slice_3  size: 3158016
I0422 17:13:33.661445 10258 memory_optimize_pass.cc:216] Cluster name : reshape2_17.tmp_0  size: 6316032
I0422 17:13:33.661449 10258 memory_optimize_pass.cc:216] Cluster name : data_batch_0  size: 18874368
I0422 17:13:33.661454 10258 memory_optimize_pass.cc:216] Cluster name : transpose_78.tmp_0_slice_0  size: 789504
I0422 17:13:33.661458 10258 memory_optimize_pass.cc:216] Cluster name : full_like_9.tmp_0  size: 6316032
I0422 17:13:33.661466 10258 memory_optimize_pass.cc:216] Cluster name : transpose_2.tmp_0_slice_2  size: 789504
--- Running analysis [ir_graph_to_program_pass]
I0422 17:13:34.857322 10258 analysis_predictor.cc:714] ======= optimize end =======
I0422 17:13:34.950856 10258 naive_executor.cc:98] ---  skip [feed], feed -> data_batch_0
I0422 17:13:34.986162 10258 naive_executor.cc:98] ---  skip [tmp_114], fetch -> fetch
W0422 17:13:35.113663 10258 device_context.cc:447] Please NOTE: device: 0, GPU Compute Capability: 7.0, Driver API Version: 10.1, Runtime API Version: 10.1
W0422 17:13:35.118899 10258 device_context.cc:465] device: 0, cuDNN Version: 7.6.
Current video file: BrushingTeeth.avi
	top-1 class: 19
	top-1 score: 0.9959074258804321