No module named 'SimpleITK', [SimpleITK] package and it's dependencies is required for PP-Care.
No module named 'SimpleITK', [SimpleITK] package and it's dependencies is required for PP-Care.
No module named 'lmdb', [lmdb] package and it's dependencies is required for ActBERT.
No module named 'lmdb', [lmdb] package and it's dependencies is required for ActBERT.
[04/25 13:55:07] DALI is not installed, you can improve performance if use DALI
No module named 'ppdet', [paddledet] package and it's dependencies is required for AVA.
Inference model(TokenShift_ucf101_0.0609)...
W0425 13:55:09.353920  5958 analysis_predictor.cc:795] The one-time configuration of analysis predictor failed, which may be due to native predictor called first and its configurations taken effect.
[1m[35m--- Running analysis [ir_graph_build_pass][0m
[1m[35m--- Running analysis [ir_graph_clean_pass][0m
[1m[35m--- Running analysis [ir_analysis_pass][0m
[32m--- Running IR pass [is_test_pass][0m
[32m--- Running IR pass [simplify_with_basic_ops_pass][0m
[32m--- Running IR pass [conv_affine_channel_fuse_pass][0m
[32m--- Running IR pass [conv_eltwiseadd_affine_channel_fuse_pass][0m
[32m--- Running IR pass [conv_bn_fuse_pass][0m
[32m--- Running IR pass [conv_eltwiseadd_bn_fuse_pass][0m
[32m--- Running IR pass [embedding_eltwise_layernorm_fuse_pass][0m
[32m--- Running IR pass [multihead_matmul_fuse_pass_v2][0m
[32m--- Running IR pass [squeeze2_matmul_fuse_pass][0m
[32m--- Running IR pass [reshape2_matmul_fuse_pass][0m
[32m--- Running IR pass [flatten2_matmul_fuse_pass][0m
[32m--- Running IR pass [map_matmul_v2_to_mul_pass][0m
I0425 13:55:10.703537  5958 fuse_pass_base.cc:57] ---  detected 147 subgraphs
[32m--- Running IR pass [map_matmul_v2_to_matmul_pass][0m
I0425 13:55:10.747742  5958 fuse_pass_base.cc:57] ---  detected 72 subgraphs
[32m--- Running IR pass [map_matmul_to_mul_pass][0m
[32m--- Running IR pass [fc_fuse_pass][0m
I0425 13:55:11.107667  5958 fuse_pass_base.cc:57] ---  detected 147 subgraphs
[32m--- Running IR pass [fc_elementwise_layernorm_fuse_pass][0m
I0425 13:55:11.181015  5958 fuse_pass_base.cc:57] ---  detected 3 subgraphs
[32m--- Running IR pass [conv_elementwise_add_act_fuse_pass][0m
[32m--- Running IR pass [conv_elementwise_add2_act_fuse_pass][0m
[32m--- Running IR pass [conv_elementwise_add_fuse_pass][0m
[32m--- Running IR pass [transpose_flatten_concat_fuse_pass][0m
[32m--- Running IR pass [runtime_context_cache_pass][0m
[1m[35m--- Running analysis [ir_params_sync_among_devices_pass][0m
I0425 13:55:11.316586  5958 ir_params_sync_among_devices_pass.cc:45] Sync params from CPU to GPU
[1m[35m--- Running analysis [adjust_cudnn_workspace_size_pass][0m
[1m[35m--- Running analysis [inference_op_replace_pass][0m
[1m[35m--- Running analysis [memory_optimize_pass][0m
I0425 13:55:11.673585  5958 memory_optimize_pass.cc:216] Cluster name : squeeze_1.tmp_0  size: 404
I0425 13:55:11.673653  5958 memory_optimize_pass.cc:216] Cluster name : squeeze_0.tmp_0  size: 404
I0425 13:55:11.673660  5958 memory_optimize_pass.cc:216] Cluster name : reshape2_50.tmp_0  size: 789504
I0425 13:55:11.673662  5958 memory_optimize_pass.cc:216] Cluster name : reshape2_201.tmp_0_slice_3  size: 3158016
I0425 13:55:11.673666  5958 memory_optimize_pass.cc:216] Cluster name : reshape2_17.tmp_0  size: 6316032
I0425 13:55:11.673668  5958 memory_optimize_pass.cc:216] Cluster name : data_batch_0  size: 18874368
I0425 13:55:11.673672  5958 memory_optimize_pass.cc:216] Cluster name : transpose_78.tmp_0_slice_0  size: 789504
I0425 13:55:11.673676  5958 memory_optimize_pass.cc:216] Cluster name : full_like_9.tmp_0  size: 6316032
I0425 13:55:11.673678  5958 memory_optimize_pass.cc:216] Cluster name : transpose_2.tmp_0_slice_2  size: 789504
[1m[35m--- Running analysis [ir_graph_to_program_pass][0m
I0425 13:55:12.824129  5958 analysis_predictor.cc:714] ======= optimize end =======
I0425 13:55:12.918731  5958 naive_executor.cc:98] ---  skip [feed], feed -> data_batch_0
I0425 13:55:12.954207  5958 naive_executor.cc:98] ---  skip [tmp_114], fetch -> fetch
/opt/conda/envs/python35-paddle120-env/lib/python3.7/site-packages/matplotlib/__init__.py:107: DeprecationWarning: Using or importing the ABCs from 'collections' instead of from 'collections.abc' is deprecated, and in 3.8 it will stop working
  from collections import MutableMapping
/opt/conda/envs/python35-paddle120-env/lib/python3.7/site-packages/matplotlib/rcsetup.py:20: DeprecationWarning: Using or importing the ABCs from 'collections' instead of from 'collections.abc' is deprecated, and in 3.8 it will stop working
  from collections import Iterable, Mapping
/opt/conda/envs/python35-paddle120-env/lib/python3.7/site-packages/matplotlib/colors.py:53: DeprecationWarning: Using or importing the ABCs from 'collections' instead of from 'collections.abc' is deprecated, and in 3.8 it will stop working
  from collections import Sized
W0425 13:55:13.276706  5958 device_context.cc:447] Please NOTE: device: 0, GPU Compute Capability: 7.0, Driver API Version: 10.1, Runtime API Version: 10.1
W0425 13:55:13.282310  5958 device_context.cc:465] device: 0, cuDNN Version: 7.6.
No module named 'SimpleITK', [SimpleITK] package and it's dependencies is required for PP-Care.
No module named 'SimpleITK', [SimpleITK] package and it's dependencies is required for PP-Care.
No module named 'lmdb', [lmdb] package and it's dependencies is required for ActBERT.
No module named 'lmdb', [lmdb] package and it's dependencies is required for ActBERT.
[04/25 13:55:15] DALI is not installed, you can improve performance if use DALI
No module named 'ppdet', [paddledet] package and it's dependencies is required for AVA.
[2022/04/25 13:55:38] root INFO: 

[2022/04/25 13:55:38] root INFO: ---------------------- Env info ----------------------
[2022/04/25 13:55:38] root INFO:  OS_version: Ubuntu 16.04
[2022/04/25 13:55:38] root INFO:  CUDA_version: 10.1.243
[2022/04/25 13:55:38] root INFO:  CUDNN_version: 7.3.1
[2022/04/25 13:55:38] root INFO:  drivier_version: 418.67
[2022/04/25 13:55:38] root INFO: ---------------------- Paddle info ----------------------
[2022/04/25 13:55:38] root INFO:  paddle_version: 2.2.2
[2022/04/25 13:55:38] root INFO:  paddle_commit: b031c389938bfa15e15bb20494c76f86289d77b0
[2022/04/25 13:55:38] root INFO:  log_api_version: 1.0
[2022/04/25 13:55:38] root INFO: ----------------------- Conf info -----------------------
[2022/04/25 13:55:38] root INFO:  runtime_device: gpu
[2022/04/25 13:55:38] root INFO:  ir_optim: True
[2022/04/25 13:55:38] root INFO:  enable_memory_optim: True
[2022/04/25 13:55:38] root INFO:  enable_tensorrt: False
[2022/04/25 13:55:38] root INFO:  enable_mkldnn: False
[2022/04/25 13:55:38] root INFO:  cpu_math_library_num_threads: 1
[2022/04/25 13:55:38] root INFO: ----------------------- Model info ----------------------
[2022/04/25 13:55:38] root INFO:  model_name: TokenShift_ucf101_0.0609
[2022/04/25 13:55:38] root INFO:  precision: fp32
[2022/04/25 13:55:38] root INFO: ----------------------- Data info -----------------------
[2022/04/25 13:55:38] root INFO:  batch_size: 2
[2022/04/25 13:55:38] root INFO:  input_shape: dynamic
[2022/04/25 13:55:38] root INFO:  data_num: 30
[2022/04/25 13:55:38] root INFO: ----------------------- Perf info -----------------------
[2022/04/25 13:55:38] root INFO:  cpu_rss(MB): 3675.4102, gpu_rss(MB): 1323.0, gpu_util: 4.0%
[2022/04/25 13:55:38] root INFO:  total time spent(s): 13.1208
[2022/04/25 13:55:38] root INFO:  preprocess_time(ms): 380.7674, inference_time(ms): 274.6265, postprocess_time(ms): 0.6454
